This is pdfTeX, Version 3.141592653-2.6-1.40.24 (MiKTeX 21.12.10) (preloaded format=latex 2023.1.14)  25 MAR 2023 17:09
entering extended mode
 restricted \write18 enabled.
 %&-line parsing enabled.
**./main.tex
(main.tex
LaTeX2e <2021-11-15> patch level 1
L3 programming layer <2022-01-21>
(C:\Program Files\MiKTeX\tex/latex/base\report.cls
Document Class: report 2021/10/04 v1.4n Standard LaTeX document class
(C:\Program Files\MiKTeX\tex/latex/base\size11.clo
File: size11.clo 2021/10/04 v1.4n Standard LaTeX file (size option)
)
\c@part=\count185
\c@chapter=\count186
\c@section=\count187
\c@subsection=\count188
\c@subsubsection=\count189
\c@paragraph=\count190
\c@subparagraph=\count191
\c@figure=\count192
\c@table=\count193
\abovecaptionskip=\skip47
\belowcaptionskip=\skip48
\bibindent=\dimen138
)
(C:\Program Files\MiKTeX\tex/latex/base\inputenc.sty
Package: inputenc 2021/02/14 v1.3d Input encoding file
\inpenc@prehook=\toks16
\inpenc@posthook=\toks17
)
(C:\Program Files\MiKTeX\tex/latex/base\fontenc.sty
Package: fontenc 2021/04/29 v2.0v Standard LaTeX package
)
(C:\Program Files\MiKTeX\tex/generic/babel\babel.sty
Package: babel 2021/12/30 3.69 The Babel package
\babel@savecnt=\count194
\U@D=\dimen139
\l@unhyphenated=\language79

(C:\Program Files\MiKTeX\tex/generic/babel\txtbabel.def)
\bbl@readstream=\read2
\bbl@dirlevel=\count195

*************************************
* Local config file bblopts.cfg used
*
(C:\Program Files\MiKTeX\tex/latex/arabi\bblopts.cfg
File: bblopts.cfg 2005/09/08 v0.1 add Arabic and Farsi to "declared" options of
 babel
)
(C:\Program Files\MiKTeX\tex/generic/babel-french\french.ldf
Language: french 2021/07/20 v3.5m French support from the babel system
Package babel Info: Hyphen rules for 'acadian' set to \l@french
(babel)             (\language22). Reported on input line 91.
Package babel Info: Hyphen rules for 'canadien' set to \l@french
(babel)             (\language22). Reported on input line 92.
\FB@nonchar=\count196
Package babel Info: Making : an active character on input line 430.
Package babel Info: Making ; an active character on input line 431.
Package babel Info: Making ! an active character on input line 432.
Package babel Info: Making ? an active character on input line 433.
\FBguill@level=\count197
\FBold@everypar=\toks18
\FB@Mht=\dimen140
\mc@charclass=\count198
\mc@charfam=\count199
\mc@charslot=\count266
\std@mcc=\count267
\dec@mcc=\count268
\listindentFB=\dimen141
\descindentFB=\dimen142
\labelindentFB=\dimen143
\labelwidthFB=\dimen144
\leftmarginFB=\dimen145
\parindentFFN=\dimen146
\FBfnindent=\dimen147
)
(C:\Program Files\MiKTeX\tex/latex/babel-english\english.ldf
Language: english 2017/06/06 v3.3r English support from the babel system
Package babel Info: Hyphen rules for 'canadian' set to \l@english
(babel)             (\language0). Reported on input line 102.
Package babel Info: Hyphen rules for 'australian' set to \l@ukenglish
(babel)             (\language73). Reported on input line 105.
Package babel Info: Hyphen rules for 'newzealand' set to \l@ukenglish
(babel)             (\language73). Reported on input line 108.
))
(C:\Program Files\MiKTeX\tex/latex/carlisle\scalefnt.sty)
(C:\Program Files\MiKTeX\tex/latex/graphics\keyval.sty
Package: keyval 2014/10/28 v1.15 key=value parser (DPC)
\KV@toks@=\toks19
)
(C:\Program Files\MiKTeX\tex/latex/lm\lmodern.sty
Package: lmodern 2009/10/30 v1.6 Latin Modern Fonts
LaTeX Font Info:    Overwriting symbol font `operators' in version `normal'
(Font)                  OT1/cmr/m/n --> OT1/lmr/m/n on input line 22.
LaTeX Font Info:    Overwriting symbol font `letters' in version `normal'
(Font)                  OML/cmm/m/it --> OML/lmm/m/it on input line 23.
LaTeX Font Info:    Overwriting symbol font `symbols' in version `normal'
(Font)                  OMS/cmsy/m/n --> OMS/lmsy/m/n on input line 24.
LaTeX Font Info:    Overwriting symbol font `largesymbols' in version `normal'
(Font)                  OMX/cmex/m/n --> OMX/lmex/m/n on input line 25.
LaTeX Font Info:    Overwriting symbol font `operators' in version `bold'
(Font)                  OT1/cmr/bx/n --> OT1/lmr/bx/n on input line 26.
LaTeX Font Info:    Overwriting symbol font `letters' in version `bold'
(Font)                  OML/cmm/b/it --> OML/lmm/b/it on input line 27.
LaTeX Font Info:    Overwriting symbol font `symbols' in version `bold'
(Font)                  OMS/cmsy/b/n --> OMS/lmsy/b/n on input line 28.
LaTeX Font Info:    Overwriting symbol font `largesymbols' in version `bold'
(Font)                  OMX/cmex/m/n --> OMX/lmex/m/n on input line 29.
LaTeX Font Info:    Overwriting math alphabet `\mathbf' in version `normal'
(Font)                  OT1/cmr/bx/n --> OT1/lmr/bx/n on input line 31.
LaTeX Font Info:    Overwriting math alphabet `\mathsf' in version `normal'
(Font)                  OT1/cmss/m/n --> OT1/lmss/m/n on input line 32.
LaTeX Font Info:    Overwriting math alphabet `\mathit' in version `normal'
(Font)                  OT1/cmr/m/it --> OT1/lmr/m/it on input line 33.
LaTeX Font Info:    Overwriting math alphabet `\mathtt' in version `normal'
(Font)                  OT1/cmtt/m/n --> OT1/lmtt/m/n on input line 34.
LaTeX Font Info:    Overwriting math alphabet `\mathbf' in version `bold'
(Font)                  OT1/cmr/bx/n --> OT1/lmr/bx/n on input line 35.
LaTeX Font Info:    Overwriting math alphabet `\mathsf' in version `bold'
(Font)                  OT1/cmss/bx/n --> OT1/lmss/bx/n on input line 36.
LaTeX Font Info:    Overwriting math alphabet `\mathit' in version `bold'
(Font)                  OT1/cmr/bx/it --> OT1/lmr/bx/it on input line 37.
LaTeX Font Info:    Overwriting math alphabet `\mathtt' in version `bold'
(Font)                  OT1/cmtt/m/n --> OT1/lmtt/m/n on input line 38.
)
(C:\Program Files\MiKTeX\tex/latex/import\import.sty
Package: import 2020/04/01  v 6.2
)
(imports/imports-general.tex
(C:\Program Files\MiKTeX\tex/latex/geometry\geometry.sty
Package: geometry 2020/01/02 v5.9 Page Geometry

(C:\Program Files\MiKTeX\tex/generic/iftex\ifvtex.sty
Package: ifvtex 2019/10/25 v1.7 ifvtex legacy package. Use iftex instead.

(C:\Program Files\MiKTeX\tex/generic/iftex\iftex.sty
Package: iftex 2020/03/06 v1.0d TeX engine tests
))
\Gm@cnth=\count269
\Gm@cntv=\count270
\c@Gm@tempcnt=\count271
\Gm@bindingoffset=\dimen148
\Gm@wd@mp=\dimen149
\Gm@odd@mp=\dimen150
\Gm@even@mp=\dimen151
\Gm@layoutwidth=\dimen152
\Gm@layoutheight=\dimen153
\Gm@layouthoffset=\dimen154
\Gm@layoutvoffset=\dimen155
\Gm@dimlist=\toks20

(C:\Program Files\MiKTeX\tex/latex/geometry\geometry.cfg))
(C:\Program Files\MiKTeX\tex/latex/graphics\graphicx.sty
Package: graphicx 2021/09/16 v1.2d Enhanced LaTeX Graphics (DPC,SPQR)

(C:\Program Files\MiKTeX\tex/latex/graphics\graphics.sty
Package: graphics 2021/03/04 v1.4d Standard LaTeX Graphics (DPC,SPQR)

(C:\Program Files\MiKTeX\tex/latex/graphics\trig.sty
Package: trig 2021/08/11 v1.11 sin cos tan (DPC)
)
(C:\Program Files\MiKTeX\tex/latex/graphics-cfg\graphics.cfg
File: graphics.cfg 2016/06/04 v1.11 sample graphics configuration
)
Package graphics Info: Driver file: dvips.def on input line 107.

(C:\Program Files\MiKTeX\tex/latex/graphics-def\dvips.def
File: dvips.def 2017/06/20 v3.1d Graphics/color driver for dvips
))
\Gin@req@height=\dimen156
\Gin@req@width=\dimen157
)
(C:\Program Files\MiKTeX\tex/latex/float\float.sty
Package: float 2001/11/08 v1.3d Float enhancements (AL)
\c@float@type=\count272
\float@exts=\toks21
\float@box=\box50
\@float@everytoks=\toks22
\@floatcapt=\box51
)
(C:\Program Files\MiKTeX\tex/latex/amsmath\amsmath.sty
Package: amsmath 2021/10/15 v2.17l AMS math features
\@mathmargin=\skip49

For additional information on amsmath, use the `?' option.
(C:\Program Files\MiKTeX\tex/latex/amsmath\amstext.sty
Package: amstext 2021/08/26 v2.01 AMS text

(C:\Program Files\MiKTeX\tex/latex/amsmath\amsgen.sty
File: amsgen.sty 1999/11/30 v2.0 generic functions
\@emptytoks=\toks23
\ex@=\dimen158
))
(C:\Program Files\MiKTeX\tex/latex/amsmath\amsbsy.sty
Package: amsbsy 1999/11/29 v1.2d Bold Symbols
\pmbraise@=\dimen159
)
(C:\Program Files\MiKTeX\tex/latex/amsmath\amsopn.sty
Package: amsopn 2021/08/26 v2.02 operator names
)
\inf@bad=\count273
LaTeX Info: Redefining \frac on input line 234.
\uproot@=\count274
\leftroot@=\count275
LaTeX Info: Redefining \overline on input line 399.
\classnum@=\count276
\DOTSCASE@=\count277
LaTeX Info: Redefining \ldots on input line 496.
LaTeX Info: Redefining \dots on input line 499.
LaTeX Info: Redefining \cdots on input line 620.
\Mathstrutbox@=\box52
\strutbox@=\box53
\big@size=\dimen160
LaTeX Font Info:    Redeclaring font encoding OML on input line 743.
LaTeX Font Info:    Redeclaring font encoding OMS on input line 744.
\macc@depth=\count278
\c@MaxMatrixCols=\count279
\dotsspace@=\muskip16
\c@parentequation=\count280
\dspbrk@lvl=\count281
\tag@help=\toks24
\row@=\count282
\column@=\count283
\maxfields@=\count284
\andhelp@=\toks25
\eqnshift@=\dimen161
\alignsep@=\dimen162
\tagshift@=\dimen163
\tagwidth@=\dimen164
\totwidth@=\dimen165
\lineht@=\dimen166
\@envbody=\toks26
\multlinegap=\skip50
\multlinetaggap=\skip51
\mathdisplay@stack=\toks27
LaTeX Info: Redefining \[ on input line 2938.
LaTeX Info: Redefining \] on input line 2939.
)
(C:\Program Files\MiKTeX\tex/latex/amsfonts\amsfonts.sty
Package: amsfonts 2013/01/14 v3.01 Basic AMSFonts support
\symAMSa=\mathgroup4
\symAMSb=\mathgroup5
LaTeX Font Info:    Redeclaring math symbol \hbar on input line 98.
LaTeX Font Info:    Overwriting math alphabet `\mathfrak' in version `bold'
(Font)                  U/euf/m/n --> U/euf/b/n on input line 106.
)
(C:\Program Files\MiKTeX\tex/latex/amsfonts\amssymb.sty
Package: amssymb 2013/01/14 v3.01 AMS font symbols
)
(C:\Program Files\MiKTeX\tex/latex/blindtext\blindtext.sty
Package: blindtext 2012/01/06 V2.0 blindtext-Package

(C:\Program Files\MiKTeX\tex/latex/tools\xspace.sty
Package: xspace 2014/10/28 v1.13 Space after command names (DPC,MH)
)
\c@blindtext=\count285
\c@Blindtext=\count286
\c@blind@countparstart=\count287
\blind@countxx=\count288
\blindtext@numBlindtext=\count289
\blind@countyy=\count290
\c@blindlist=\count291
\c@blindlistlevel=\count292
\c@blindlist@level=\count293
\blind@listitem=\count294
\c@blind@listcount=\count295
\c@blind@levelcount=\count296
\blind@mathformula=\count297
\blind@Mathformula=\count298
\c@blind@randomcount=\count299
\c@blind@randommax=\count300
\c@blind@pangramcount=\count301
\c@blind@pangrammax=\count302
)
(C:\Program Files\MiKTeX\tex/latex/hyperref\hyperref.sty
Package: hyperref 2021-06-07 v7.00m Hypertext links for LaTeX

(C:\Program Files\MiKTeX\tex/generic/ltxcmds\ltxcmds.sty
Package: ltxcmds 2020-05-10 v1.25 LaTeX kernel commands for general use (HO)
)
(C:\Program Files\MiKTeX\tex/generic/pdftexcmds\pdftexcmds.sty
Package: pdftexcmds 2020-06-27 v0.33 Utility functions of pdfTeX for LuaTeX (HO
)

(C:\Program Files\MiKTeX\tex/generic/infwarerr\infwarerr.sty
Package: infwarerr 2019/12/03 v1.5 Providing info/warning/error messages (HO)
)
Package pdftexcmds Info: \pdf@primitive is available.
Package pdftexcmds Info: \pdf@ifprimitive is available.
Package pdftexcmds Info: \pdfdraftmode is ignored in DVI mode.
)
(C:\Program Files\MiKTeX\tex/generic/kvsetkeys\kvsetkeys.sty
Package: kvsetkeys 2019/12/15 v1.18 Key value parser (HO)
)
(C:\Program Files\MiKTeX\tex/generic/kvdefinekeys\kvdefinekeys.sty
Package: kvdefinekeys 2019-12-19 v1.6 Define keys (HO)
)
(C:\Program Files\MiKTeX\tex/generic/pdfescape\pdfescape.sty
Package: pdfescape 2019/12/09 v1.15 Implements pdfTeX's escape features (HO)
)
(C:\Program Files\MiKTeX\tex/latex/hycolor\hycolor.sty
Package: hycolor 2020-01-27 v1.10 Color options for hyperref/bookmark (HO)
)
(C:\Program Files\MiKTeX\tex/latex/letltxmacro\letltxmacro.sty
Package: letltxmacro 2019/12/03 v1.6 Let assignment for LaTeX macros (HO)
)
(C:\Program Files\MiKTeX\tex/latex/auxhook\auxhook.sty
Package: auxhook 2019-12-17 v1.6 Hooks for auxiliary files (HO)
)
(C:\Program Files\MiKTeX\tex/latex/kvoptions\kvoptions.sty
Package: kvoptions 2020-10-07 v3.14 Key value format for package options (HO)
)
\@linkdim=\dimen167
\Hy@linkcounter=\count303
\Hy@pagecounter=\count304

(C:\Program Files\MiKTeX\tex/latex/hyperref\pd1enc.def
File: pd1enc.def 2021-06-07 v7.00m Hyperref: PDFDocEncoding definition (HO)
Now handling font encoding PD1 ...
... no UTF-8 mapping file for font encoding PD1
)
(C:\Program Files\MiKTeX\tex/latex/hyperref\hyperref-langpatches.def
File: hyperref-langpatches.def 2021-06-07 v7.00m Hyperref: patches for babel la
nguages
)
(C:\Program Files\MiKTeX\tex/generic/intcalc\intcalc.sty
Package: intcalc 2019/12/15 v1.3 Expandable calculations with integers (HO)
)
(C:\Program Files\MiKTeX\tex/generic/etexcmds\etexcmds.sty
Package: etexcmds 2019/12/15 v1.7 Avoid name clashes with e-TeX commands (HO)
)
\Hy@SavedSpaceFactor=\count305

(C:\Program Files\MiKTeX\tex/latex/hyperref\puenc.def
File: puenc.def 2021-06-07 v7.00m Hyperref: PDF Unicode definition (HO)
Now handling font encoding PU ...
... no UTF-8 mapping file for font encoding PU
)
Package hyperref Info: Hyper figures OFF on input line 4192.
Package hyperref Info: Link nesting OFF on input line 4197.
Package hyperref Info: Hyper index ON on input line 4200.
Package hyperref Info: Plain pages OFF on input line 4207.
Package hyperref Info: Backreferencing OFF on input line 4212.
Package hyperref Info: Implicit mode ON; LaTeX internals redefined.
Package hyperref Info: Bookmarks ON on input line 4445.
\c@Hy@tempcnt=\count306

(C:\Program Files\MiKTeX\tex/latex/url\url.sty
\Urlmuskip=\muskip17
Package: url 2013/09/16  ver 3.4  Verb mode for urls, etc.
)
LaTeX Info: Redefining \url on input line 4804.
\XeTeXLinkMargin=\dimen168

(C:\Program Files\MiKTeX\tex/generic/bitset\bitset.sty
Package: bitset 2019/12/09 v1.3 Handle bit-vector datatype (HO)

(C:\Program Files\MiKTeX\tex/generic/bigintcalc\bigintcalc.sty
Package: bigintcalc 2019/12/15 v1.5 Expandable calculations on big integers (HO
)
))
\Fld@menulength=\count307
\Field@Width=\dimen169
\Fld@charsize=\dimen170
Package hyperref Info: Hyper figures OFF on input line 6076.
Package hyperref Info: Link nesting OFF on input line 6081.
Package hyperref Info: Hyper index ON on input line 6084.
Package hyperref Info: backreferencing OFF on input line 6091.
Package hyperref Info: Link coloring OFF on input line 6096.
Package hyperref Info: Link coloring with OCG OFF on input line 6101.
Package hyperref Info: PDF/A mode OFF on input line 6106.
LaTeX Info: Redefining \ref on input line 6146.
LaTeX Info: Redefining \pageref on input line 6150.

(C:\Program Files\MiKTeX\tex/latex/base\atbegshi-ltx.sty
Package: atbegshi-ltx 2021/01/10 v1.0c Emulation of the original atbegshi
package with kernel methods
)
\Hy@abspage=\count308
\c@Item=\count309
\c@Hfootnote=\count310
)
Package hyperref Info: Driver (default): hdvips.

(C:\Program Files\MiKTeX\tex/latex/hyperref\hdvips.def
File: hdvips.def 2021-06-07 v7.00m Hyperref driver for dvips

(C:\Program Files\MiKTeX\tex/latex/hyperref\pdfmark.def
File: pdfmark.def 2021-06-07 v7.00m Hyperref definitions for pdfmark specials
\pdf@docset=\toks28
\pdf@box=\box54
\pdf@toks=\toks29
\pdf@defaulttoks=\toks30
\HyField@AnnotCount=\count311
\Fld@listcount=\count312
\c@bookmark@seq@number=\count313

(C:\Program Files\MiKTeX\tex/latex/rerunfilecheck\rerunfilecheck.sty
Package: rerunfilecheck 2019/12/05 v1.9 Rerun checks for auxiliary files (HO)

(C:\Program Files\MiKTeX\tex/latex/base\atveryend-ltx.sty
Package: atveryend-ltx 2020/08/19 v1.0a Emulation of the original atveryend pac
kage
with kernel methods
)
(C:\Program Files\MiKTeX\tex/generic/uniquecounter\uniquecounter.sty
Package: uniquecounter 2019/12/15 v1.4 Provide unlimited unique counter (HO)
)
Package uniquecounter Info: New unique counter `rerunfilecheck' on input line 2
86.
)
\Hy@SectionHShift=\skip52
))
(C:\Program Files\MiKTeX\tex/latex/xcolor\xcolor.sty
Package: xcolor 2021/10/31 v2.13 LaTeX color extensions (UK)

(C:\Program Files\MiKTeX\tex/latex/graphics-cfg\color.cfg
File: color.cfg 2016/01/02 v1.6 sample color configuration
)
Package xcolor Info: Driver file: dvips.def on input line 227.
Package xcolor Info: Model `cmy' substituted by `cmy0' on input line 1352.
Package xcolor Info: Model `RGB' extended on input line 1368.
Package xcolor Info: Model `HTML' substituted by `rgb' on input line 1370.
Package xcolor Info: Model `Hsb' substituted by `hsb' on input line 1371.
Package xcolor Info: Model `tHsb' substituted by `hsb' on input line 1372.
Package xcolor Info: Model `HSB' substituted by `hsb' on input line 1373.
Package xcolor Info: Model `Gray' substituted by `gray' on input line 1374.
Package xcolor Info: Model `wave' substituted by `hsb' on input line 1375.
)
(C:\Program Files\MiKTeX\tex/latex/colortbl\colortbl.sty
Package: colortbl 2020/01/04 v1.0e Color table columns (DPC)

(C:\Program Files\MiKTeX\tex/latex/tools\array.sty
Package: array 2021/10/04 v2.5f Tabular extension package (FMi)
\col@sep=\dimen171
\ar@mcellbox=\box55
\extrarowheight=\dimen172
\NC@list=\toks31
\extratabsurround=\skip53
\backup@length=\skip54
\ar@cellbox=\box56
)
\everycr=\toks32
\minrowclearance=\skip55
)
(C:\Program Files\MiKTeX\tex/latex/graphics\rotating.sty
Package: rotating 2016/08/11 v2.16d rotated objects in LaTeX

(C:\Program Files\MiKTeX\tex/latex/base\ifthen.sty
Package: ifthen 2020/11/24 v1.1c Standard LaTeX ifthen package (DPC)
)
\c@r@tfl@t=\count314
\rotFPtop=\skip56
\rotFPbot=\skip57
\rot@float@box=\box57
\rot@mess@toks=\toks33
)
(C:\Program Files\MiKTeX\tex/latex/subfig\subfig.sty
Package: subfig 2005/06/28 ver: 1.3 subfig package

(C:\Program Files\MiKTeX\tex/latex/caption\caption.sty
Package: caption 2020/10/26 v3.5g Customizing captions (AR)

(C:\Program Files\MiKTeX\tex/latex/caption\caption3.sty
Package: caption3 2020/10/21 v2.2e caption3 kernel (AR)
\captionmargin=\dimen173
\captionmargin@=\dimen174
\captionwidth=\dimen175
\caption@tempdima=\dimen176
\caption@indent=\dimen177
\caption@parindent=\dimen178
\caption@hangindent=\dimen179
Package caption Info: Standard document class detected.
Package caption Info: french babel package is loaded.
)
\c@caption@flags=\count315
\c@continuedfloat=\count316
Package caption Info: float package is loaded.
Package caption Info: hyperref package is loaded.
Package caption Info: rotating package is loaded.
)
\c@KVtest=\count317
\sf@farskip=\skip58
\sf@captopadj=\dimen180
\sf@capskip=\skip59
\sf@nearskip=\skip60
\c@subfigure=\count318
\c@subfigure@save=\count319
\c@lofdepth=\count320
\c@subtable=\count321
\c@subtable@save=\count322
\c@lotdepth=\count323
\sf@top=\skip61
\sf@bottom=\skip62
)
(C:\Program Files\MiKTeX\tex/latex/multirow\multirow.sty
Package: multirow 2021/03/15 v2.8 Span multiple rows of a table
\multirow@colwidth=\skip63
\multirow@cntb=\count324
\multirow@dima=\skip64
\bigstrutjot=\dimen181
)
(C:\Program Files\MiKTeX\tex/latex/amscls\amsthm.sty
Package: amsthm 2020/05/29 v2.20.6
\thm@style=\toks34
\thm@bodyfont=\toks35
\thm@headfont=\toks36
\thm@notefont=\toks37
\thm@headpunct=\toks38
\thm@preskip=\skip65
\thm@postskip=\skip66
\thm@headsep=\skip67
\dth@everypar=\toks39
))
(C:\Program Files\MiKTeX\tex/latex/lipsum\lipsum.sty
(C:\Program Files\MiKTeX\tex/latex/l3packages/l3keys2e\l3keys2e.sty
(C:\Program Files\MiKTeX\tex/latex/l3kernel\expl3.sty
Package: expl3 2022-01-21 L3 programming layer (loader) 

(C:\Program Files\MiKTeX\tex/latex/l3backend\l3backend-dvips.def
File: l3backend-dvips.def 2022-01-12 L3 backend support: dvips
\l__pdf_internal_box=\box58
\g__pdf_backend_object_int=\count325
\l__pdf_backend_content_box=\box59
\l__pdf_backend_model_box=\box60
\g__pdf_backend_annotation_int=\count326
\g__pdf_backend_link_int=\count327
\g__pdf_backend_link_sf_int=\count328
))
Package: l3keys2e 2022-01-12 LaTeX2e option processing using LaTeX3 keys
)
Package: lipsum 2021-09-20 v2.7 150 paragraphs of Lorem Ipsum dummy text
\g__lipsum_par_int=\count329
\l__lipsum_a_int=\count330
\l__lipsum_b_int=\count331

(C:\Program Files\MiKTeX\tex/latex/lipsum\lipsum.ltd.tex))
(sources/bibliography-imports.tex
(C:\Program Files\MiKTeX\tex/latex/biblatex\biblatex.sty
Package: biblatex 2020/12/31 v3.16 programmable bibliographies (PK/MW)

(C:\Program Files\MiKTeX\tex/latex/etoolbox\etoolbox.sty
Package: etoolbox 2020/10/05 v2.5k e-TeX tools for LaTeX (JAW)
\etb@tempcnta=\count332
)
(C:\Program Files\MiKTeX\tex/latex/logreq\logreq.sty
Package: logreq 2010/08/04 v1.0 xml request logger
\lrq@indent=\count333

(C:\Program Files\MiKTeX\tex/latex/logreq\logreq.def
File: logreq.def 2010/08/04 v1.0 logreq spec v1.0
))
\c@tabx@nest=\count334
\c@listtotal=\count335
\c@listcount=\count336
\c@liststart=\count337
\c@liststop=\count338
\c@citecount=\count339
\c@citetotal=\count340
\c@multicitecount=\count341
\c@multicitetotal=\count342
\c@instcount=\count343
\c@maxnames=\count344
\c@minnames=\count345
\c@maxitems=\count346
\c@minitems=\count347
\c@citecounter=\count348
\c@maxcitecounter=\count349
\c@savedcitecounter=\count350
\c@uniquelist=\count351
\c@uniquename=\count352
\c@refsection=\count353
\c@refsegment=\count354
\c@maxextratitle=\count355
\c@maxextratitleyear=\count356
\c@maxextraname=\count357
\c@maxextradate=\count358
\c@maxextraalpha=\count359
\c@abbrvpenalty=\count360
\c@highnamepenalty=\count361
\c@lownamepenalty=\count362
\c@maxparens=\count363
\c@parenlevel=\count364
\blx@tempcnta=\count365
\blx@tempcntb=\count366
\blx@tempcntc=\count367
\blx@maxsection=\count368
\blx@maxsegment@0=\count369
\blx@notetype=\count370
\blx@parenlevel@text=\count371
\blx@parenlevel@foot=\count372
\blx@sectionciteorder@0=\count373
\blx@entrysetcounter=\count374
\blx@biblioinstance=\count375
\labelnumberwidth=\skip68
\labelalphawidth=\skip69
\biblabelsep=\skip70
\bibitemsep=\skip71
\bibnamesep=\skip72
\bibinitsep=\skip73
\bibparsep=\skip74
\bibhang=\skip75
\blx@bcfin=\read3
\blx@bcfout=\write3
\blx@langwohyphens=\language80
\c@mincomprange=\count376
\c@maxcomprange=\count377
\c@mincompwidth=\count378
Package biblatex Info: Trying to load biblatex default data model...
Package biblatex Info: ... file 'blx-dm.def' found.

(C:\Program Files\MiKTeX\tex/latex/biblatex\blx-dm.def
File: blx-dm.def 2020/12/31 v3.16 biblatex localization (PK/MW)
)
Package biblatex Info: Trying to load biblatex style data model...
Package biblatex Info: ... file 'numeric-comp.dbx' not found.
Package biblatex Info: Trying to load biblatex custom data model...
Package biblatex Info: ... file 'biblatex-dm.cfg' not found.
\c@afterword=\count379
\c@savedafterword=\count380
\c@annotator=\count381
\c@savedannotator=\count382
\c@author=\count383
\c@savedauthor=\count384
\c@bookauthor=\count385
\c@savedbookauthor=\count386
\c@commentator=\count387
\c@savedcommentator=\count388
\c@editor=\count389
\c@savededitor=\count390
\c@editora=\count391
\c@savededitora=\count392
\c@editorb=\count393
\c@savededitorb=\count394
\c@editorc=\count395
\c@savededitorc=\count396
\c@foreword=\count397
\c@savedforeword=\count398
\c@holder=\count399
\c@savedholder=\count400
\c@introduction=\count401
\c@savedintroduction=\count402
\c@namea=\count403
\c@savednamea=\count404
\c@nameb=\count405
\c@savednameb=\count406
\c@namec=\count407
\c@savednamec=\count408
\c@translator=\count409
\c@savedtranslator=\count410
\c@shortauthor=\count411
\c@savedshortauthor=\count412
\c@shorteditor=\count413
\c@savedshorteditor=\count414
\c@labelname=\count415
\c@savedlabelname=\count416
\c@institution=\count417
\c@savedinstitution=\count418
\c@lista=\count419
\c@savedlista=\count420
\c@listb=\count421
\c@savedlistb=\count422
\c@listc=\count423
\c@savedlistc=\count424
\c@listd=\count425
\c@savedlistd=\count426
\c@liste=\count427
\c@savedliste=\count428
\c@listf=\count429
\c@savedlistf=\count430
\c@location=\count431
\c@savedlocation=\count432
\c@organization=\count433
\c@savedorganization=\count434
\c@origlocation=\count435
\c@savedoriglocation=\count436
\c@origpublisher=\count437
\c@savedorigpublisher=\count438
\c@publisher=\count439
\c@savedpublisher=\count440
\c@language=\count441
\c@savedlanguage=\count442
\c@origlanguage=\count443
\c@savedoriglanguage=\count444
\c@pageref=\count445
\c@savedpageref=\count446
\shorthandwidth=\skip76
\shortjournalwidth=\skip77
\shortserieswidth=\skip78
\shorttitlewidth=\skip79
\shortauthorwidth=\skip80
\shorteditorwidth=\skip81
\locallabelnumberwidth=\skip82
\locallabelalphawidth=\skip83
\localshorthandwidth=\skip84
\localshortjournalwidth=\skip85
\localshortserieswidth=\skip86
\localshorttitlewidth=\skip87
\localshortauthorwidth=\skip88
\localshorteditorwidth=\skip89
Package biblatex Info: Trying to load compatibility code...
Package biblatex Info: ... file 'blx-compat.def' found.

(C:\Program Files\MiKTeX\tex/latex/biblatex\blx-compat.def
File: blx-compat.def 2020/12/31 v3.16 biblatex compatibility (PK/MW)
)
Package biblatex Info: Trying to load BibTeX backend compatibility...
Package biblatex Info: ... file 'blx-bibtex.def' found.

(C:\Program Files\MiKTeX\tex/latex/biblatex\blx-bibtex.def
File: blx-bibtex.def 2020/12/31 v3.16 biblatex compatibility (PK/MW)


Package biblatex Warning: Using fall-back BibTeX(8) backend:
(biblatex)                functionality may be reduced/unavailable.

)
Package biblatex Info: Trying to load generic definitions...
Package biblatex Info: ... file 'biblatex.def' found.
 (C:\Program Files\MiKTeX\tex/latex/biblatex\biblatex.def
File: biblatex.def 2020/12/31 v3.16 biblatex compatibility (PK/MW)
\c@textcitecount=\count447
\c@textcitetotal=\count448
\c@textcitemaxnames=\count449
\c@biburlbigbreakpenalty=\count450
\c@biburlbreakpenalty=\count451
\c@biburlnumpenalty=\count452
\c@biburlucpenalty=\count453
\c@biburllcpenalty=\count454
\biburlbigskip=\muskip18
\biburlnumskip=\muskip19
\biburlucskip=\muskip20
\biburllcskip=\muskip21
\c@smartand=\count455
)
Package biblatex Info: Trying to load bibliography style 'numeric-comp'...
Package biblatex Info: ... file 'numeric-comp.bbx' found.

(C:\Program Files\MiKTeX\tex/latex/biblatex/bbx\numeric-comp.bbx
File: numeric-comp.bbx 2020/12/31 v3.16 biblatex bibliography style (PK/MW)
Package biblatex Info: Trying to load bibliography style 'numeric'...
Package biblatex Info: ... file 'numeric.bbx' found.

(C:\Program Files\MiKTeX\tex/latex/biblatex/bbx\numeric.bbx
File: numeric.bbx 2020/12/31 v3.16 biblatex bibliography style (PK/MW)
Package biblatex Info: Trying to load bibliography style 'standard'...
Package biblatex Info: ... file 'standard.bbx' found.

(C:\Program Files\MiKTeX\tex/latex/biblatex/bbx\standard.bbx
File: standard.bbx 2020/12/31 v3.16 biblatex bibliography style (PK/MW)
\c@bbx:relatedcount=\count456
\c@bbx:relatedtotal=\count457
)))
Package biblatex Info: Trying to load citation style 'numeric-comp'...
Package biblatex Info: ... file 'numeric-comp.cbx' found.

(C:\Program Files\MiKTeX\tex/latex/biblatex/cbx\numeric-comp.cbx
File: numeric-comp.cbx 2020/12/31 v3.16 biblatex citation style (PK/MW)
\c@cbx@tempcnta=\count458
\c@cbx@tempcntb=\count459
\c@cbx@tempcntc=\count460
\c@cbx@tempcntd=\count461
Package biblatex Info: Redefining '\cite'.
Package biblatex Info: Redefining '\parencite'.
Package biblatex Info: Redefining '\footcite'.
Package biblatex Info: Redefining '\footcitetext'.
Package biblatex Info: Redefining '\smartcite'.
Package biblatex Info: Redefining '\supercite'.
Package biblatex Info: Redefining '\textcite'.
Package biblatex Info: Redefining '\textcites'.
Package biblatex Info: Redefining '\cites'.
Package biblatex Info: Redefining '\parencites'.
Package biblatex Info: Redefining '\smartcites'.
)
Package biblatex Info: Trying to load configuration file...
Package biblatex Info: ... file 'biblatex.cfg' found.

(C:\Program Files\MiKTeX\tex/latex/biblatex\biblatex.cfg
File: biblatex.cfg 
)))
(imports/styles-imports.tex
(C:\Program Files\MiKTeX\tex/latex/fancyhdr\fancyhdr.sty
Package: fancyhdr 2021/01/28 v4.0.1 Extensive control of page headers and foote
rs
\f@nch@headwidth=\skip90
\f@nch@O@elh=\skip91
\f@nch@O@erh=\skip92
\f@nch@O@olh=\skip93
\f@nch@O@orh=\skip94
\f@nch@O@elf=\skip95
\f@nch@O@erf=\skip96
\f@nch@O@olf=\skip97
\f@nch@O@orf=\skip98
))

Package biblatex Warning: 'babel/polyglossia' detected but 'csquotes' missing.
(biblatex)                Loading 'csquotes' recommended.

\@quotelevel=\count462
\@quotereset=\count463
LaTeX Font Info:    Trying to load font information for T1+lmr on input line 20
.
(C:\Program Files\MiKTeX\tex/latex/lm\t1lmr.fd
File: t1lmr.fd 2009/10/30 v1.6 Font defs for Latin Modern
) (main.aux)
\openout1 = `main.aux'.

LaTeX Font Info:    Checking defaults for OML/cmm/m/it on input line 20.
LaTeX Font Info:    ... okay on input line 20.
LaTeX Font Info:    Checking defaults for OMS/cmsy/m/n on input line 20.
LaTeX Font Info:    ... okay on input line 20.
LaTeX Font Info:    Checking defaults for OT1/cmr/m/n on input line 20.
LaTeX Font Info:    ... okay on input line 20.
LaTeX Font Info:    Checking defaults for T1/cmr/m/n on input line 20.
LaTeX Font Info:    ... okay on input line 20.
LaTeX Font Info:    Checking defaults for TS1/cmr/m/n on input line 20.
LaTeX Font Info:    ... okay on input line 20.
LaTeX Font Info:    Checking defaults for OMX/cmex/m/n on input line 20.
LaTeX Font Info:    ... okay on input line 20.
LaTeX Font Info:    Checking defaults for U/cmr/m/n on input line 20.
LaTeX Font Info:    ... okay on input line 20.
LaTeX Font Info:    Checking defaults for PD1/pdf/m/n on input line 20.
LaTeX Font Info:    ... okay on input line 20.
LaTeX Font Info:    Checking defaults for PU/pdf/m/n on input line 20.
LaTeX Font Info:    ... okay on input line 20.
LaTeX Info: Redefining \degres on input line 20.
LaTeX Info: Redefining \up on input line 20.

*geometry* driver: auto-detecting
*geometry* detected driver: dvips
*geometry* verbose mode - [ preamble ] result:
* driver: dvips
* paper: <default>
* layout: <same size as paper>
* layoutoffset:(h,v)=(0.0pt,0.0pt)
* modes: 
* h-part:(L,W,R)=(72.26999pt, 469.75502pt, 72.26999pt)
* v-part:(T,H,B)=(72.26999pt, 650.43001pt, 72.26999pt)
* \paperwidth=614.295pt
* \paperheight=794.96999pt
* \textwidth=469.75502pt
* \textheight=650.43001pt
* \oddsidemargin=0.0pt
* \evensidemargin=0.0pt
* \topmargin=-37.0pt
* \headheight=12.0pt
* \headsep=25.0pt
* \topskip=11.0pt
* \footskip=30.0pt
* \marginparwidth=59.0pt
* \marginparsep=10.0pt
* \columnsep=10.0pt
* \skip\footins=10.0pt plus 4.0pt minus 2.0pt
* \hoffset=0.0pt
* \voffset=0.0pt
* \mag=1000
* \@twocolumnfalse
* \@twosidefalse
* \@mparswitchfalse
* \@reversemarginfalse
* (1in=72.27pt=25.4mm, 1cm=28.453pt)

Package hyperref Info: Link coloring OFF on input line 20.
(C:\Program Files\MiKTeX\tex/latex/hyperref\nameref.sty
Package: nameref 2021-04-02 v2.47 Cross-referencing by name of section

(C:\Program Files\MiKTeX\tex/latex/refcount\refcount.sty
Package: refcount 2019/12/15 v3.6 Data extraction from label references (HO)
)
(C:\Program Files\MiKTeX\tex/generic/gettitlestring\gettitlestring.sty
Package: gettitlestring 2019/12/15 v1.6 Cleanup title references (HO)
)
\c@section@level=\count464
)
LaTeX Info: Redefining \ref on input line 20.
LaTeX Info: Redefining \pageref on input line 20.
LaTeX Info: Redefining \nameref on input line 20.

(main.out) (main.out)
\@outlinefile=\write4
\openout4 = `main.out'.

Package caption Info: Begin \AtBeginDocument code.
Package caption Info: subfig package v1.3 is loaded.
Package caption Info: End \AtBeginDocument code.
Package biblatex Info: Trying to load language 'english'...
Package biblatex Info: ... file 'english.lbx' found.

(C:\Program Files\MiKTeX\tex/latex/biblatex/lbx\english.lbx
File: english.lbx 2020/12/31 v3.16 biblatex localization (PK/MW)
)
Package biblatex Info: Trying to load language 'french'...
Package biblatex Info: ... file 'french.lbx' found.

(C:\Program Files\MiKTeX\tex/latex/biblatex/lbx\french.lbx
File: french.lbx 2020/12/31 v3.16 biblatex localization (PK/MW)
)
Package biblatex Info: Input encoding 'utf8' detected.
Package biblatex Info: Automatic encoding selection.
(biblatex)             Assuming data encoding 'utf8'.
Package biblatex Info: Input encoding 'utf8' specified.
Package biblatex Info: Data encoding 'utf8' specified.
(biblatex)             No need to reencode data.
Package biblatex Info: Document encoding is UTF8 ....
Package biblatex Info: ... and expl3
(biblatex)             2022-01-21 L3 programming layer (loader) 
(biblatex)             is new enough (at least 2020/04/06),
(biblatex)             setting 'casechanger=expl3'.

(C:\Program Files\MiKTeX\tex/latex/biblatex\blx-case-expl3.sty
(C:\Program Files\MiKTeX\tex/latex/l3packages/xparse\xparse.sty
Package: xparse 2022-01-12 L3 Experimental document command parser
)
Package: blx-case-expl3 2020/12/31 v3.16 expl3 case changing code for biblatex
)
\openout3 = `main-blx.bib'.

Package biblatex Info: Trying to load bibliographic data...
Package biblatex Info: ... file 'main.bbl' found.
 (main.bbl)
Package biblatex Info: Reference section=0 on input line 20.
Package biblatex Info: Reference segment=0 on input line 20.

(corps-texte/texte-comp.tex (corps-texte/debut/debut-main.tex
(corps-texte/debut/./page-de-garde.tex
LaTeX Font Info:    Trying to load font information for T1+lmss on input line 5
.

(C:\Program Files\MiKTeX\tex/latex/lm\t1lmss.fd
File: t1lmss.fd 2009/10/30 v1.6 Font defs for Latin Modern
)

LaTeX Font Warning: Font shape `T1/lmss/m/sc' in size <10.95> not available
(Font)              Font shape `T1/lmr/m/sc' tried instead on input line 8.


LaTeX Font Warning: Font shape `T1/lmss/m/sc' in size <17.28> not available
(Font)              Font shape `T1/lmr/m/sc' tried instead on input line 8.


LaTeX Font Warning: Font shape `T1/lmss/m/sc' in size <14.4> not available
(Font)              Font shape `T1/lmr/m/sc' tried instead on input line 10.

LaTeX Font Info:    Font shape `T1/lmss/m/it' in size <20.74> not available
(Font)              Font shape `T1/lmss/m/sl' tried instead on input line 13.
File: images/page-de-garde/sd5.eps Graphic file (type eps)
<images/page-de-garde/sd5.eps>

LaTeX Font Warning: Font shape `T1/lmss/m/sc' in size <12> not available
(Font)              Font shape `T1/lmr/m/sc' tried instead on input line 23.

LaTeX Font Info:    Trying to load font information for OT1+lmr on input line 2
5.
(C:\Program Files\MiKTeX\tex/latex/lm\ot1lmr.fd
File: ot1lmr.fd 2009/10/30 v1.6 Font defs for Latin Modern
)
LaTeX Font Info:    Trying to load font information for OML+lmm on input line 2
5.

(C:\Program Files\MiKTeX\tex/latex/lm\omllmm.fd
File: omllmm.fd 2009/10/30 v1.6 Font defs for Latin Modern
)
LaTeX Font Info:    Trying to load font information for OMS+lmsy on input line 
25.

(C:\Program Files\MiKTeX\tex/latex/lm\omslmsy.fd
File: omslmsy.fd 2009/10/30 v1.6 Font defs for Latin Modern
)
LaTeX Font Info:    Trying to load font information for OMX+lmex on input line 
25.

(C:\Program Files\MiKTeX\tex/latex/lm\omxlmex.fd
File: omxlmex.fd 2009/10/30 v1.6 Font defs for Latin Modern
)
LaTeX Font Info:    External font `lmex10' loaded for size
(Font)              <10.95> on input line 25.
LaTeX Font Info:    External font `lmex10' loaded for size
(Font)              <8> on input line 25.
LaTeX Font Info:    External font `lmex10' loaded for size
(Font)              <6> on input line 25.
LaTeX Font Info:    Trying to load font information for U+msa on input line 25.


(C:\Program Files\MiKTeX\tex/latex/amsfonts\umsa.fd
File: umsa.fd 2013/01/14 v3.01 AMS symbols A
)
LaTeX Font Info:    Trying to load font information for U+msb on input line 25.


(C:\Program Files\MiKTeX\tex/latex/amsfonts\umsb.fd
File: umsb.fd 2013/01/14 v3.01 AMS symbols B
)
LaTeX Font Info:    Font shape `T1/lmss/m/it' in size <12> not available
(Font)              Font shape `T1/lmss/m/sl' tried instead on input line 32.
 [1

])
(corps-texte/debut/./abstract.tex [1]) (corps-texte/debut/./table-matieres.tex
(main.toc [1


])
\tf@toc=\write5
\openout5 = `main.toc'.



Package fancyhdr Warning: \headheight is too small (12.0pt): 
(fancyhdr)                Make it at least 13.59999pt, for example:
(fancyhdr)                \setlength{\headheight}{13.59999pt}.
(fancyhdr)                You might also make \topmargin smaller to compensate:

(fancyhdr)                \addtolength{\topmargin}{-1.59999pt}.

[2])) (corps-texte/milieu/milieu.tex
(corps-texte/milieu/preambule/preambule.tex [3


]
Chapitre 1.
[4

]
Chapitre 2.
) (corps-texte/milieu/notions-bases/notions-bases.tex [5

] [6

]
Chapitre 3.
[7

]
Chapitre 4.
[8

]
Chapitre 5.
[9

]
Chapitre 6.
) (corps-texte/milieu/algorithmes/algorithmes.tex [10

] [11

]
Chapitre 7.
[12

]
Chapitre 8.
[13

]
Chapitre 9.
[14

]
Chapitre 10.
[15

]
Chapitre 11.
[16

]
Chapitre 12.
[17

]
Chapitre 13.
) (corps-texte/milieu/futur/futur.tex [18

] [19

]
Chapitre 14.
[20

]
Chapitre 15.
[21

]
Chapitre 16.
[22

]
Chapitre 17.
)) (corps-texte/./bibliography-print.tex [23

])
LaTeX Font Info:    Trying to load font information for T1+lmtt on input line 4
.

(C:\Program Files\MiKTeX\tex/latex/lm\t1lmtt.fd
File: t1lmtt.fd 2009/10/30 v1.6 Font defs for Latin Modern
)
Overfull \hbox (16.28047pt too wide) in paragraph at lines 8--8
\T1/lmr/m/sc/10.95 doi \T1/lmr/m/n/10.95 : [][][][]. \T1/lmr/m/sc/10.95 url \T1
/lmr/m/n/10.95 : [][][][]. 
 []


Overfull \hbox (91.90437pt too wide) in paragraph at lines 8--8
\T1/lmr/m/n/10.95 ``Im-ple-men-ta-tion of a Tof-foli Gate with Su-per-con-duc-t
ing Cir-cuits''. In : (2011). \T1/lmr/m/sc/10.95 doi \T1/lmr/m/n/10.95 : [][][]
[].
 []

LaTeX Font Info:    Trying to load font information for TS1+lmr on input line 4
.
(C:\Program Files\MiKTeX\tex/latex/lm\ts1lmr.fd
File: ts1lmr.fd 2009/10/30 v1.6 Font defs for Latin Modern
)
Overfull \hbox (10.15114pt too wide) in paragraph at lines 8--8
\T1/lmr/m/n/10.95 Press, 1996. \T1/lmr/m/sc/10.95 doi \T1/lmr/m/n/10.95 : [][][
][]. \T1/lmr/m/sc/10.95 url \T1/lmr/m/n/10.95 : [][][][]. 
 []


Overfull \hbox (63.83145pt too wide) in paragraph at lines 8--8
\T1/lmr/m/it/10.95 ver-sa-rial quan-tum ma-chine lear-ning for conti-nuous dis-
tri-bu-tions\T1/lmr/m/n/10.95 . 2019. \T1/lmr/m/sc/10.95 doi \T1/lmr/m/n/10.95 
: [][][][].
 []


Overfull \hbox (29.80986pt too wide) in paragraph at lines 8--8
\T1/lmr/m/it/10.95 Confe-rence on Elec-tro/Information Tech-no-logy\T1/lmr/m/n/
10.95 . IEEE, mai 2010. \T1/lmr/m/sc/10.95 doi \T1/lmr/m/n/10.95 : [][][][].
 []


Overfull \hbox (39.47633pt too wide) in paragraph at lines 8--8
\T1/lmr/m/n/10.95 Soc. Press. \T1/lmr/m/sc/10.95 doi \T1/lmr/m/n/10.95 : [][][]
[]. \T1/lmr/m/sc/10.95 url \T1/lmr/m/n/10.95 : [][][][]. 
 []


Overfull \hbox (83.28001pt too wide) in paragraph at lines 8--8
\T1/lmr/m/it/10.95 quantum-phase-estimation pro-to-col for near-term quan-tum h
ard-ware\T1/lmr/m/n/10.95 . 2022. \T1/lmr/m/sc/10.95 doi \T1/lmr/m/n/10.95 : []
[][][].
 []

[24


]
Overfull \hbox (116.07562pt too wide) in paragraph at lines 8--8
\T1/lmr/m/it/10.95 clo-pe-dia\T1/lmr/m/n/10.95 . [En ligne ; vu en 2023]. 2023.
 \T1/lmr/m/sc/10.95 url \T1/lmr/m/n/10.95 : [][][][]. 
 []


Overfull \hbox (38.60397pt too wide) in paragraph at lines 8--8
\T1/lmr/m/n/10.95 [En ligne ; vu en 2023]. 2023. \T1/lmr/m/sc/10.95 url \T1/lmr
/m/n/10.95 : [][][][]. 
 []


Overfull \hbox (2.84753pt too wide) in paragraph at lines 8--8
\T1/lmr/m/n/10.95 ligne ; vu en 2023]. 2023. \T1/lmr/m/sc/10.95 url \T1/lmr/m/n
/10.95 : [][][][]. 
 []


Overfull \hbox (2.34753pt too wide) in paragraph at lines 8--8
\T1/lmr/m/n/10.95 ligne ; vu en 2023]. 2023. \T1/lmr/m/sc/10.95 url \T1/lmr/m/n
/10.95 : [][][][]. 
 []


Overfull \hbox (21.35777pt too wide) in paragraph at lines 8--8
\T1/lmr/m/n/10.95 [En ligne ; vu en 2023]. 2023. \T1/lmr/m/sc/10.95 url \T1/lmr
/m/n/10.95 : [][][][]. 
 []


Overfull \hbox (58.63725pt too wide) in paragraph at lines 8--8
\T1/lmr/m/it/10.95 dia\T1/lmr/m/n/10.95 . [En ligne ; vu en 2023]. 2023. \T1/lm
r/m/sc/10.95 url \T1/lmr/m/n/10.95 : [][][][]. 
 []


Overfull \hbox (64.38599pt too wide) in paragraph at lines 8--8
\T1/lmr/m/it/10.95 dia\T1/lmr/m/n/10.95 . [En ligne ; vu en 2023]. 2023. \T1/lm
r/m/sc/10.95 url \T1/lmr/m/n/10.95 : [][][][]. 
 []


Overfull \hbox (9.8603pt too wide) in paragraph at lines 8--8
\T1/lmr/m/n/10.95 [En ligne ; vu en 2023]. 2023. \T1/lmr/m/sc/10.95 url \T1/lmr
/m/n/10.95 : [][][][]. 
 []


Overfull \hbox (58.63725pt too wide) in paragraph at lines 8--8
\T1/lmr/m/it/10.95 dia\T1/lmr/m/n/10.95 . [En ligne ; vu en 2023]. 2023. \T1/lm
r/m/sc/10.95 url \T1/lmr/m/n/10.95 : [][][][]. 
 []


Package fancyhdr Warning: \headheight is too small (12.0pt): 
(fancyhdr)                Make it at least 13.59999pt, for example:
(fancyhdr)                \setlength{\headheight}{13.59999pt}.
(fancyhdr)                You might also make \topmargin smaller to compensate:

(fancyhdr)                \addtolength{\topmargin}{-1.59999pt}.

[25]
Overfull \hbox (157.25958pt too wide) in paragraph at lines 8--8
\T1/lmr/m/it/10.95 En-cy-clo-pe-dia\T1/lmr/m/n/10.95 . [En ligne ; vu en 2023].
 2023. \T1/lmr/m/sc/10.95 url \T1/lmr/m/n/10.95 : [][][][]. 
 []


Overfull \hbox (15.60904pt too wide) in paragraph at lines 8--8
\T1/lmr/m/n/10.95 [En ligne ; vu en 2023]. 2023. \T1/lmr/m/sc/10.95 url \T1/lmr
/m/n/10.95 : [][][][]. 
 []


Overfull \hbox (137.92685pt too wide) in paragraph at lines 8--8
\T1/lmr/m/it/10.95 cy-clo-pe-dia\T1/lmr/m/n/10.95 . [En ligne ; vu en 2023]. 20
23. \T1/lmr/m/sc/10.95 url \T1/lmr/m/n/10.95 : [][][][]. 
 []


Overfull \hbox (85.39763pt too wide) in paragraph at lines 8--8
\T1/lmr/m/it/10.95 pe-dia\T1/lmr/m/n/10.95 . [En ligne ; vu en 2023]. 2023. \T1
/lmr/m/sc/10.95 url \T1/lmr/m/n/10.95 : [][][][]. 
 []

)

Package fancyhdr Warning: \headheight is too small (12.0pt): 
(fancyhdr)                Make it at least 13.59999pt, for example:
(fancyhdr)                \setlength{\headheight}{13.59999pt}.
(fancyhdr)                You might also make \topmargin smaller to compensate:

(fancyhdr)                \addtolength{\topmargin}{-1.59999pt}.

[26] (main.aux)
Package rerunfilecheck Info: File `main.out' has not changed.
(rerunfilecheck)             Checksum: 960C07BD9F2576796FA2C4224CE216E5;7724.
Package logreq Info: Writing requests to 'main.run.xml'.
\openout1 = `main.run.xml'.

 ) 
Here is how much of TeX's memory you used:
 22569 strings out of 478594
 398683 string characters out of 2854445
 1136484 words of memory out of 3000000
 40342 multiletter control sequences out of 15000+600000
 545508 words of font info for 69 fonts, out of 8000000 for 9000
 1141 hyphenation exceptions out of 8191
 75i,11n,89p,1937b,2195s stack positions out of 5000i,500n,10000p,200000b,80000s

Output written on main.dvi (28 pages, 92576 bytes).
