\BOOKMARK [-1][-]{part.1}{\376\377\000I\000\040\000P\000r\000\351\000a\000m\000b\000u\000l\000e}{}% 1
\BOOKMARK [0][-]{chapter.1}{\376\377\000I\000n\000t\000r\000o\000d\000u\000c\000t\000i\000o\000n}{part.1}% 2
\BOOKMARK [0][-]{chapter.2}{\376\377\000N\000o\000t\000i\000o\000n\000s\000\040\000t\000h\000\351\000o\000r\000i\000q\000u\000e\000s}{part.1}% 3
\BOOKMARK [1][-]{section.2.1}{\376\377\000I\000n\000f\000o\000r\000m\000a\000t\000i\000q\000u\000e}{chapter.2}% 4
\BOOKMARK [1][-]{section.2.2}{\376\377\000P\000h\000y\000s\000i\000q\000u\000e}{chapter.2}% 5
\BOOKMARK [-1][-]{part.2}{\376\377\000I\000I\000\040\000L\000e\000s\000\040\000n\000o\000t\000i\000o\000n\000s\000\040\000d\000e\000\040\000b\000a\000s\000e}{}% 6
\BOOKMARK [0][-]{chapter.3}{\376\377\000U\000n\000\040\000o\000r\000d\000i\000n\000a\000t\000e\000u\000r\000\040\000c\000l\000a\000s\000s\000i\000q\000u\000e}{part.2}% 7
\BOOKMARK [1][-]{section.3.1}{\376\377\000L\000o\000g\000i\000q\000u\000e}{chapter.3}% 8
\BOOKMARK [1][-]{section.3.2}{\376\377\000H\000a\000r\000d\000w\000a\000r\000e}{chapter.3}% 9
\BOOKMARK [0][-]{chapter.4}{\376\377\000U\000n\000\040\000q\000u\000b\000i\000t}{part.2}% 10
\BOOKMARK [1][-]{section.4.1}{\376\377\000S\000u\000p\000e\000r\000p\000o\000s\000i\000t\000i\000o\000n\000\040\000d\000'\000\351\000t\000a\000t\000s}{chapter.4}% 11
\BOOKMARK [1][-]{section.4.2}{\376\377\000O\000p\000\351\000r\000a\000t\000i\000o\000n\000s\000\040\000s\000u\000r\000\040\000u\000n\000\040\000q\000u\000b\000i\000t}{chapter.4}% 12
\BOOKMARK [1][-]{section.4.3}{\376\377\000M\000e\000s\000u\000r\000e}{chapter.4}% 13
\BOOKMARK [0][-]{chapter.5}{\376\377\000S\000y\000s\000t\000\350\000m\000e\000\040\000\340\000\040\000p\000l\000u\000s\000i\000e\000u\000r\000s\000\040\000q\000u\000b\000i\000t\000s}{part.2}% 14
\BOOKMARK [1][-]{section.5.1}{\376\377\000D\000e\000s\000c\000r\000i\000p\000t\000i\000o\000n\000\040\000d\000u\000\040\000s\000y\000s\000t\000\350\000m\000e}{chapter.5}% 15
\BOOKMARK [1][-]{section.5.2}{\376\377\000L\000e\000s\000\040\000p\000o\000r\000t\000e\000s}{chapter.5}% 16
\BOOKMARK [1][-]{section.5.3}{\376\377\000A\000p\000p\000l\000i\000c\000a\000t\000i\000o\000n\000s\000\040\000s\000i\000m\000p\000l\000e\000s}{chapter.5}% 17
\BOOKMARK [2][-]{subsection.5.3.1}{\376\377\000S\000u\000p\000e\000r\000d\000e\000n\000s\000e\000\040\000C\000o\000d\000i\000n\000g}{section.5.3}% 18
\BOOKMARK [2][-]{subsection.5.3.2}{\376\377\000T\000\351\000l\000\351\000p\000o\000r\000t\000a\000t\000i\000o\000n\000\040\000q\000u\000a\000n\000t\000i\000q\000u\000e}{section.5.3}% 19
\BOOKMARK [0][-]{chapter.6}{\376\377\000U\000n\000\040\000o\000r\000d\000i\000n\000a\000t\000e\000u\000r\000\040\000q\000u\000a\000n\000t\000i\000q\000u\000e}{part.2}% 20
\BOOKMARK [1][-]{section.6.1}{\376\377\000U\000n\000i\000v\000e\000r\000s\000a\000l\000i\000t\000\351}{chapter.6}% 21
\BOOKMARK [1][-]{section.6.2}{\376\377\000H\000a\000r\000d\000w\000a\000r\000e}{chapter.6}% 22
\BOOKMARK [-1][-]{part.3}{\376\377\000I\000I\000I\000\040\000E\000x\000e\000m\000p\000l\000e\000s\000\040\000d\000'\000a\000l\000g\000o\000r\000i\000t\000h\000m\000e\000s}{}% 23
\BOOKMARK [0][-]{chapter.7}{\376\377\000A\000l\000g\000o\000r\000i\000t\000h\000m\000e\000\040\000d\000e\000\040\000D\000e\000u\000t\000s\000c\000h\000-\000J\000o\000z\000s\000a}{part.3}% 24
\BOOKMARK [0][-]{chapter.8}{\376\377\000Q\000u\000e\000l\000q\000u\000e\000s\000\040\000p\000r\000o\000t\000o\000c\000o\000l\000e\000s}{part.3}% 25
\BOOKMARK [1][-]{section.8.1}{\376\377\000R\000e\000t\000o\000u\000r\000\040\000d\000e\000\040\000p\000h\000a\000s\000e}{chapter.8}% 26
\BOOKMARK [1][-]{section.8.2}{\376\377\000T\000r\000a\000n\000s\000f\000o\000r\000m\000\351\000e\000\040\000d\000e\000\040\000F\000o\000u\000r\000i\000e\000r\000\040\000q\000u\000a\000n\000t\000i\000q\000u\000e}{chapter.8}% 27
\BOOKMARK [1][-]{section.8.3}{\376\377\000E\000s\000t\000i\000m\000a\000t\000i\000o\000n\000\040\000d\000e\000\040\000p\000h\000a\000s\000e\000\040\000q\000u\000a\000n\000t\000i\000q\000u\000e}{chapter.8}% 28
\BOOKMARK [0][-]{chapter.9}{\376\377\000A\000l\000g\000o\000r\000i\000t\000h\000m\000e\000\040\000d\000e\000\040\000S\000h\000o\000r}{part.3}% 29
\BOOKMARK [1][-]{section.9.1}{\376\377\000P\000r\000i\000n\000c\000i\000p\000e}{chapter.9}% 30
\BOOKMARK [1][-]{section.9.2}{\376\377\000I\000m\000p\000l\000\351\000m\000e\000n\000t\000a\000t\000i\000o\000n\000\040\000s\000i\000m\000p\000l\000e}{chapter.9}% 31
\BOOKMARK [2][-]{subsection.9.2.1}{\376\377\000S\000i\000m\000u\000l\000a\000t\000i\000o\000n}{section.9.2}% 32
\BOOKMARK [2][-]{subsection.9.2.2}{\376\377\000H\000a\000r\000d\000w\000a\000r\000e\000\040\000r\000\351\000e\000l}{section.9.2}% 33
\BOOKMARK [1][-]{section.9.3}{\376\377\000A\000p\000p\000l\000i\000c\000a\000t\000i\000o\000n\000\040\000\340\000\040\000u\000n\000\040\000p\000r\000o\000b\000l\000\350\000m\000e\000\040\000c\000o\000n\000c\000r\000e\000t}{chapter.9}% 34
\BOOKMARK [0][-]{chapter.10}{\376\377\000C\000r\000y\000p\000t\000o\000g\000r\000a\000p\000h\000i\000e\000\040\000:\000\040\000d\000i\000s\000t\000r\000i\000b\000u\000t\000i\000o\000n\000\040\000d\000e\000\040\000c\000l\000\351\000s}{part.3}% 35
\BOOKMARK [0][-]{chapter.11}{\376\377\000A\000l\000g\000o\000r\000i\000t\000h\000m\000e\000\040\000d\000e\000\040\000G\000r\000o\000v\000e\000r}{part.3}% 36
\BOOKMARK [1][-]{section.11.1}{\376\377\000P\000r\000i\000n\000c\000i\000p\000e}{chapter.11}% 37
\BOOKMARK [1][-]{section.11.2}{\376\377\000C\000o\000m\000p\000a\000r\000a\000i\000s\000o\000n\000\040\000a\000v\000e\000c\000\040\000u\000n\000e\000\040\000i\000m\000p\000l\000\351\000m\000e\000n\000t\000a\000t\000i\000o\000n\000\040\000c\000l\000a\000s\000s\000i\000q\000u\000e}{chapter.11}% 38
\BOOKMARK [2][-]{subsection.11.2.1}{\376\377\0002\000\040\000e\000n\000t\000r\000\351\000e\000s}{section.11.2}% 39
\BOOKMARK [2][-]{subsection.11.2.2}{\376\377\0003\000\040\000e\000n\000t\000r\000\351\000e\000s}{section.11.2}% 40
\BOOKMARK [2][-]{subsection.11.2.3}{\376\377\0004\000\040\000e\000n\000t\000r\000\351\000e\000s}{section.11.2}% 41
\BOOKMARK [2][-]{subsection.11.2.4}{\376\377\000D\000i\000f\000f\000\351\000r\000e\000n\000c\000e\000\040\000d\000e\000\040\000c\000o\000m\000p\000l\000e\000x\000i\000t\000\351}{section.11.2}% 42
\BOOKMARK [1][-]{section.11.3}{\376\377\000R\000\351\000s\000o\000l\000u\000t\000i\000o\000n\000\040\000d\000'\000u\000n\000\040\000s\000u\000d\000o\000k\000u}{chapter.11}% 43
\BOOKMARK [0][-]{chapter.12}{\376\377\000E\000s\000t\000i\000m\000a\000t\000i\000o\000n\000\040\000d\000e\000\040\000p\000h\000a\000s\000e\000\040\000i\000t\000\351\000r\000a\000t\000i\000v\000e}{part.3}% 44
\BOOKMARK [0][-]{chapter.13}{\376\377\000M\000o\000d\000\351\000l\000i\000s\000a\000t\000i\000o\000n\000\040\000d\000'\000u\000n\000\040\000s\000y\000s\000t\000\350\000m\000e\000\040\000p\000h\000y\000s\000i\000q\000u\000e}{part.3}% 45
\BOOKMARK [1][-]{section.13.1}{\376\377\000P\000r\000o\000p\000r\000i\000\351\000t\000\351\000\040\000d\000'\000u\000n\000\040\000s\000y\000s\000t\000\350\000m\000e}{chapter.13}% 46
\BOOKMARK [1][-]{section.13.2}{\376\377\000\311\000v\000o\000l\000u\000t\000i\000o\000n\000\040\000t\000e\000m\000p\000o\000r\000e\000l\000l\000e\000\040\000d\000'\000u\000n\000\040\000s\000y\000s\000t\000\350\000m\000e}{chapter.13}% 47
\BOOKMARK [0][-]{chapter.14}{\376\377\000M\000a\000c\000h\000i\000n\000e\000\040\000l\000e\000a\000r\000n\000i\000n\000g\000\040\000q\000u\000a\000n\000t\000i\000q\000u\000e}{part.3}% 48
\BOOKMARK [-1][-]{part.4}{\376\377\000I\000V\000\040\000E\000t\000\040\000a\000p\000r\000\350\000s\000.\000.\000.}{}% 49
\BOOKMARK [0][-]{chapter.15}{\376\377\000L\000i\000m\000i\000t\000a\000t\000i\000o\000n\000s\000\040\000a\000c\000t\000u\000e\000l\000l\000e\000s}{part.4}% 50
\BOOKMARK [0][-]{chapter.16}{\376\377\000T\000e\000c\000h\000n\000o\000l\000o\000g\000i\000e\000s\000\040\000d\000e\000\040\000h\000a\000r\000d\000w\000a\000r\000e}{part.4}% 51
\BOOKMARK [0][-]{chapter.17}{\376\377\000S\000u\000r\000\040\000d\000e\000s\000\040\000m\000a\000c\000h\000i\000n\000e\000s\000\040\000\340\000\040\000c\000o\000u\000r\000t\000\040\000t\000e\000r\000m\000e}{part.4}% 52
\BOOKMARK [0][-]{chapter.18}{\376\377\000S\000u\000r\000\040\000l\000e\000\040\000l\000o\000n\000g\000\040\000t\000e\000r\000m\000e}{part.4}% 53
\BOOKMARK [0][-]{chapter.19}{\376\377\000C\000o\000n\000c\000l\000u\000s\000i\000o\000n}{part.4}% 54
\BOOKMARK [0][-]{section*.84}{\376\377\000A\000p\000p\000e\000n\000d\000i\000c\000e\000s}{part.4}% 55
\BOOKMARK [0][-]{appendix.1.A}{\376\377\000U\000t\000i\000l\000i\000s\000a\000t\000i\000o\000n\000\040\000d\000e\000\040\000Q\000i\000s\000k\000i\000t}{part.4}% 56
